=== files ===
-rw-r--r-- 1 501 staff 327K Jun  8 18:39 female.wav
-rw-rw-r-- 1 501 staff 607K Jun  4 15:41 linzhiling.wav
-rw-r--r-- 1 501 staff 593K Jun  8 18:38 male.wav

=== cleanup ===
  DELETE female -> 200
  DELETE male -> 200
  DELETE linzhiling -> 200
  DELETE test_voice_v3 -> 404
  DELETE female_cantonese_test -> 200
  DELETE female_cantonese -> 404
  DELETE female_sichuan -> 404
  DELETE female_excited -> 404
  DELETE female_sad -> 404
  DELETE female_fast -> 404
  DELETE female_slow -> 404
  DELETE male_cantonese -> 404
  DELETE male_sichuan -> 404
  DELETE male_excited -> 404
  DELETE male_sad -> 404
  DELETE male_calm -> 404
  DELETE male_fast -> 404

=== upload base voices (zero_shot mode, normal cloning) ===
  upload female ...
{"success":true,"voice":{"name":"female","consent":"acknowledged","created_at":1780985983,"mime_type":"audio/wav","file_size":334138,"ref_text":"You are a helpful assistant.<|endofprompt|>希望你以后能够做的比我还好哟"}}    -> http=200
  upload male ...
{"success":true,"voice":{"name":"male","consent":"acknowledged","created_at":1780985984,"mime_type":"audio/wav","file_size":606404,"ref_text":"You are a helpful assistant.<|endofprompt|>在那之后完全收购那家公司,因此保持管理层的一致性,利益与即将加入家族的资产保持一致。这就是我们有时不买下全部的原因。"}}    -> http=200
  upload linzhiling ...
{"success":true,"voice":{"name":"linzhiling","consent":"acknowledged","created_at":1780985985,"mime_type":"audio/wav","file_size":621006,"ref_text":"You are a helpful assistant.<|endofprompt|>现在这通是甜蜜的来电哦!现在请先把所有的不愉快抛开,穿起美丽的衣服,带着幸福的微笑,还有你最愉快的心情,接电话咯!"}}    -> http=200

=== upload female variants (instruct2 hack via ref_text) ===
  upload female_cantonese ...
{"success":true,"voice":{"name":"female_cantonese","consent":"acknowledged","created_at":1780985986,"mime_type":"audio/wav","file_size":334138,"ref_text":"You are a helpful assistant. 请用广东话表达。<|endofprompt|>"}}    -> http=200
  upload female_sichuan ...
{"success":true,"voice":{"name":"female_sichuan","consent":"acknowledged","created_at":1780985987,"mime_type":"audio/wav","file_size":334138,"ref_text":"You are a helpful assistant. 请用四川话表达。<|endofprompt|>"}}    -> http=200
  upload female_excited ...
{"success":true,"voice":{"name":"female_excited","consent":"acknowledged","created_at":1780985988,"mime_type":"audio/wav","file_size":334138,"ref_text":"You are a helpful assistant. 请用兴奋的语气说。<|endofprompt|>"}}    -> http=200
  upload female_sad ...
{"success":true,"voice":{"name":"female_sad","consent":"acknowledged","created_at":1780985989,"mime_type":"audio/wav","file_size":334138,"ref_text":"You are a helpful assistant. 请用悲伤的语气说。<|endofprompt|>"}}    -> http=200
  upload female_fast ...
{"success":true,"voice":{"name":"female_fast","consent":"acknowledged","created_at":1780985990,"mime_type":"audio/wav","file_size":334138,"ref_text":"You are a helpful assistant. 请用尽可能快的语速说。<|endofprompt|>"}}    -> http=200
  upload female_slow ...
{"success":true,"voice":{"name":"female_slow","consent":"acknowledged","created_at":1780985991,"mime_type":"audio/wav","file_size":334138,"ref_text":"You are a helpful assistant. 请用缓慢的语速说。<|endofprompt|>"}}    -> http=200

=== upload male variants ===
  upload male_cantonese ...
{"success":true,"voice":{"name":"male_cantonese","consent":"acknowledged","created_at":1780985992,"mime_type":"audio/wav","file_size":606404,"ref_text":"You are a helpful assistant. 请用广东话表达。<|endofprompt|>"}}    -> http=200
  upload male_sichuan ...
{"success":true,"voice":{"name":"male_sichuan","consent":"acknowledged","created_at":1780985993,"mime_type":"audio/wav","file_size":606404,"ref_text":"You are a helpful assistant. 请用四川话表达。<|endofprompt|>"}}    -> http=200
  upload male_excited ...
{"success":true,"voice":{"name":"male_excited","consent":"acknowledged","created_at":1780985994,"mime_type":"audio/wav","file_size":606404,"ref_text":"You are a helpful assistant. 请用兴奋的语气说。<|endofprompt|>"}}    -> http=200
  upload male_sad ...
{"success":true,"voice":{"name":"male_sad","consent":"acknowledged","created_at":1780985995,"mime_type":"audio/wav","file_size":606404,"ref_text":"You are a helpful assistant. 请用悲伤的语气说。<|endofprompt|>"}}    -> http=200
  upload male_calm ...
{"success":true,"voice":{"name":"male_calm","consent":"acknowledged","created_at":1780985996,"mime_type":"audio/wav","file_size":606404,"ref_text":"You are a helpful assistant. 请用平静沉稳的语气说。<|endofprompt|>"}}    -> http=200
  upload male_fast ...
{"success":true,"voice":{"name":"male_fast","consent":"acknowledged","created_at":1780985997,"mime_type":"audio/wav","file_size":606404,"ref_text":"You are a helpful assistant. 请用尽可能快的语速说。<|endofprompt|>"}}    -> http=200

=== voices list ===
{
    "voices": [
        "female",
        "female_cantonese",
        "female_excited",
        "female_fast",
        "female_sad",
        "female_sichuan",
        "female_slow",
        "linzhiling",
        "male",
        "male_calm",
        "male_cantonese",
        "male_excited",
        "male_fast",
        "male_sad",
        "male_sichuan"
    ],
    "uploaded_voices": [
        {
            "name": "female",
            "consent": "acknowledged",
            "created_at": 1780985983,
            "file_size": 334138,
            "mime_type": "audio/wav",
            "embedding_source": "audio",
            "embedding_dim": null,
            "ref_text": "You are a helpful assistant.<|endofprompt|>\u5e0c\u671b\u4f60\u4ee5\u540e\u80fd\u591f\u505a\u7684\u6bd4\u6211\u8fd8\u597d\u54df"
        },
        {
            "name": "male",
            "consent": "acknowledged",
            "created_at": 1780985984,
            "file_size": 606404,
            "mime_type": "audio/wav",
            "embedding_source": "audio",
            "embedding_dim": null,
            "ref_text": "You are a helpful assistant.<|endofprompt|>\u5728\u90a3\u4e4b\u540e\u5b8c\u5168\u6536\u8d2d\u90a3\u5bb6\u516c\u53f8,\u56e0\u6b64\u4fdd\u6301\u7ba1\u7406\u5c42\u7684\u4e00\u81f4\u6027,\u5229\u76ca\u4e0e\u5373\u5c06\u52a0\u5165\u5bb6\u65cf\u7684\u8d44\u4ea7\u4fdd\u6301\u4e00\u81f4\u3002\u8fd9\u5c31\u662f\u6211\u4eec\u6709\u65f6\u4e0d\u4e70\u4e0b\u5168\u90e8\u7684\u539f\u56e0\u3002"
        },
        {
            "name": "linzhiling",
            "consent": "acknowledged",
            "created_at": 1780985985,
            "file_size": 621006,
            "mime_type": "audio/wav",
            "embedding_source": "audio",
            "embedding_dim": null,
            "ref_text": "You are a helpful assistant.<|endofprompt|>\u73b0\u5728\u8fd9\u901a\u662f\u751c\u871c\u7684\u6765\u7535\u54e6!\u73b0\u5728\u8bf7\u5148\u628a\u6240\u6709\u7684\u4e0d\u6109\u5feb\u629b\u5f00,\u7a7f\u8d77\u7f8e\u4e3d\u7684\u8863\u670d,\u5e26\u7740\u5e78\u798f\u7684\u5fae\u7b11,\u8fd8\u6709\u4f60\u6700\u6109\u5feb\u7684\u5fc3\u60c5,\u63a5\u7535\u8bdd\u54af!"
        },
        {
            "name": "female_cantonese",
            "consent": "acknowledged",
            "created_at": 1780985986,
            "file_size": 334138,
            "mime_type": "audio/wav",
            "embedding_source": "audio",
            "embedding_dim": null,
            "ref_text": "You are a helpful assistant. \u8bf7\u7528\u5e7f\u4e1c\u8bdd\u8868\u8fbe\u3002<|endofprompt|>"
        },
        {
            "name": "female_sichuan",
            "consent": "acknowledged",
            "created_at": 1780985987,
            "file_size": 334138,
            "mime_type": "audio/wav",
            "embedding_source": "audio",
            "embedding_dim": null,
            "ref_text": "You are a helpful assistant. \u8bf7\u7528\u56db\u5ddd\u8bdd\u8868\u8fbe\u3002<|endofprompt|>"
        },
        {
            "name": "female_excited",
            "consent": "acknowledged",
            "created_at": 1780985988,
            "file_size": 334138,
            "mime_type": "audio/wav",
            "embedding_source": "audio",
            "embedding_dim": null,
            "ref_text": "You are a helpful assistant. \u8bf7\u7528\u5174\u594b\u7684\u8bed\u6c14\u8bf4\u3002<|endofprompt|>"
        },
        {
            "name": "female_sad",
            "consent": "acknowledged",
            "created_at": 1780985989,
            "file_size": 334138,
            "mime_type": "audio/wav",
            "embedding_source": "audio",
            "embedding_dim": null,
            "ref_text": "You are a helpful assistant. \u8bf7\u7528\u60b2\u4f24\u7684\u8bed\u6c14\u8bf4\u3002<|endofprompt|>"
        },
        {
            "name": "female_fast",
            "consent": "acknowledged",
            "created_at": 1780985990,
            "file_size": 334138,
            "mime_type": "audio/wav",
            "embedding_source": "audio",
            "embedding_dim": null,
            "ref_text": "You are a helpful assistant. \u8bf7\u7528\u5c3d\u53ef\u80fd\u5feb\u7684\u8bed\u901f\u8bf4\u3002<|endofprompt|>"
        },
        {
            "name": "female_slow",
            "consent": "acknowledged",
            "created_at": 1780985991,
            "file_size": 334138,
            "mime_type": "audio/wav",
            "embedding_source": "audio",
            "embedding_dim": null,
            "ref_text": "You are a helpful assistant. \u8bf7\u7528\u7f13\u6162\u7684\u8bed\u901f\u8bf4\u3002<|endofprompt|>"
        },
        {
            "name": "male_cantonese",
            "consent": "acknowledged",
            "created_at": 1780985992,
            "file_size": 606404,
            "mime_type": "audio/wav",
            "embedding_source": "audio",
            "embedding_dim": null,
            "ref_text": "You are a helpful assistant. \u8bf7\u7528\u5e7f\u4e1c\u8bdd\u8868\u8fbe\u3002<|endofprompt|>"
        },
        {
            "name": "male_sichuan",
            "consent": "acknowledged",
            "created_at": 1780985993,
            "file_size": 606404,
            "mime_type": "audio/wav",
            "embedding_source": "audio",
            "embedding_dim": null,
            "ref_text": "You are a helpful assistant. \u8bf7\u7528\u56db\u5ddd\u8bdd\u8868\u8fbe\u3002<|endofprompt|>"
        },
        {
            "name": "male_excited",
            "consent": "acknowledged",
            "created_at": 1780985994,
            "file_size": 606404,
            "mime_type": "audio/wav",
            "embedding_source": "audio",
            "embedding_dim": null,
            "ref_text": "You are a helpful assistant. \u8bf7\u7528\u5174\u594b\u7684\u8bed\u6c14\u8bf4\u3002<|endofprompt|>"
        },
        {
            "name": "male_sad",
            "consent": "acknowledged",
            "created_at": 1780985995,
            "file_size": 606404,
            "mime_type": "audio/wav",
            "embedding_source": "audio",
            "embedding_dim": null,
            "ref_text": "You are a helpful assistant. \u8bf7\u7528\u60b2\u4f24\u7684\u8bed\u6c14\u8bf4\u3002<|endofprompt|>"
        },
        {
            "name": "male_calm",
            "consent": "acknowledged",
            "created_at": 1780985996,
            "file_size": 606404,
            "mime_type": "audio/wav",
            "embedding_source": "audio",
            "embedding_dim": null,
            "ref_text": "You are a helpful assistant. \u8bf7\u7528\u5e73\u9759\u6c89\u7a33\u7684\u8bed\u6c14\u8bf4\u3002<|endofprompt|>"
        },
        {
            "name": "male_fast",
            "consent": "acknowledged",
            "created_at": 1780985997,
            "file_size": 606404,
            "mime_type": "audio/wav",
            "embedding_source": "audio",
            "embedding_dim": null,
            "ref_text": "You are a helpful assistant. \u8bf7\u7528\u5c3d\u53ef\u80fd\u5feb\u7684\u8bed\u901f\u8bf4\u3002<|endofprompt|>"
        }
    ]
}

=== synth tests (one per voice) ===
--- voice=female ---
  http=200  bytes=224640  ttfb=2.436091s
  saved /tmp/female_test.wav  (4.68s)
--- voice=male ---
  http=200  bytes=270720  ttfb=4.669252s
  saved /tmp/male_test.wav  (5.64s)
--- voice=linzhiling ---
  http=200  bytes=263040  ttfb=4.636151s
  saved /tmp/linzhiling_test.wav  (5.48s)
--- voice=female_cantonese ---
  http=200  bytes=228480  ttfb=2.454015s
  saved /tmp/female_cantonese_test.wav  (4.76s)
--- voice=female_sichuan ---
  http=200  bytes=211200  ttfb=2.346863s
  saved /tmp/female_sichuan_test.wav  (4.40s)
--- voice=female_excited ---
  http=200  bytes=190080  ttfb=2.255199s
  saved /tmp/female_excited_test.wav  (3.96s)
--- voice=female_sad ---
  http=200  bytes=318720  ttfb=3.040151s
  saved /tmp/female_sad_test.wav  (6.64s)
--- voice=female_fast ---
  http=200  bytes=216960  ttfb=2.383761s
  saved /tmp/female_fast_test.wav  (4.52s)
--- voice=female_slow ---
  http=200  bytes=337920  ttfb=3.148561s
  saved /tmp/female_slow_test.wav  (7.04s)
--- voice=male_cantonese ---
  http=200  bytes=97920  ttfb=3.212131s
  saved /tmp/male_cantonese_test.wav  (2.04s)
--- voice=male_sichuan ---
  http=200  bytes=234240  ttfb=4.532152s
  saved /tmp/male_sichuan_test.wav  (4.88s)
--- voice=male_excited ---
  http=200  bytes=268800  ttfb=4.611569s
  saved /tmp/male_excited_test.wav  (5.60s)
--- voice=male_sad ---
  http=200  bytes=339840  ttfb=5.064347s
  saved /tmp/male_sad_test.wav  (7.08s)
--- voice=male_calm ---
  http=200  bytes=303360  ttfb=4.972466s
  saved /tmp/male_calm_test.wav  (6.32s)
--- voice=male_fast ---
  http=200  bytes=264960  ttfb=4.673949s
  saved /tmp/male_fast_test.wav  (5.52s)

=== DONE ===
测试 wav 在 /tmp/<voice>_test.wav
拉回 Mac 听全部:
  scp 'root@<gateway-host>:/tmp/*_test.wav' ~/Downloads/
听单个:
  scp root@<gateway-host>:/tmp/female_cantonese_test.wav ~/Downloads/ && afplay ~/Downloads/female_cantonese_test.wav
